\BOOKMARK [0][-]{chapter.1}{The elastic theory of discrete dislocations}{}% 1
\BOOKMARK [1][-]{section.1.1}{The eigendistortion problem in the infinite elastic medium}{chapter.1}% 2
\BOOKMARK [2][-]{subsection.1.1.1}{Isotropic media}{section.1.1}% 3
\BOOKMARK [1][-]{section.1.2}{Dislocation loops}{chapter.1}% 4
\BOOKMARK [1][-]{section.1.3}{The eigendistortion problem in the finite elastic medium: the superposition principle}{chapter.1}% 5
\BOOKMARK [1][-]{section.1.4}{The elastic field of a plastic eigenstrain}{chapter.1}% 6
\BOOKMARK [2][-]{subsection.1.4.1}{Displacement field due to eigenstrain}{section.1.4}% 7
\BOOKMARK [2][-]{subsection.1.4.2}{Distortion}{section.1.4}% 8
\BOOKMARK [2][-]{subsection.1.4.3}{Elastic strain}{section.1.4}% 9
\BOOKMARK [1][-]{section.1.5}{Discrete Dislocations}{chapter.1}% 10
\BOOKMARK [2][-]{subsection.1.5.1}{Displacement field}{section.1.5}% 11
\BOOKMARK [2][-]{subsection.1.5.2}{Elastic distortion}{section.1.5}% 12
\BOOKMARK [2][-]{subsection.1.5.3}{Elastic stress}{section.1.5}% 13
\BOOKMARK [2][-]{subsection.1.5.4}{Closed-form solution for isotropic materials}{section.1.5}% 14
\BOOKMARK [2][-]{subsection.1.5.5}{Cai 2006}{section.1.5}% 15
\BOOKMARK [2][-]{subsection.1.5.6}{From Po Lazar 2014}{section.1.5}% 16
\BOOKMARK [2][-]{subsection.1.5.7}{Multipole expansion}{section.1.5}% 17
\BOOKMARK [2][-]{subsection.1.5.8}{Straight segments}{section.1.5}% 18
\BOOKMARK [2][-]{subsection.1.5.9}{Stress field of a straight segment}{section.1.5}% 19
\BOOKMARK [2][-]{subsection.1.5.10}{Straight Displacement}{section.1.5}% 20
\BOOKMARK [2][-]{subsection.1.5.11}{Force vector of a triangular element due to a straight segments}{section.1.5}% 21
\BOOKMARK [2][-]{subsection.1.5.12}{Plastic strain rate}{section.1.5}% 22
\BOOKMARK [1][-]{section.Alph0.1}{Kunin identity}{chapter.1}% 23
\BOOKMARK [1][-]{section.Alph0.2}{OLD}{chapter.1}% 24
\BOOKMARK [1][-]{section.Alph0.1}{Mathematical preliminaries}{chapter.1}% 25
\BOOKMARK [2][-]{subsection.Alph0.1.1}{Kelvin-Stokes Theorem}{section.Alph0.1}% 26
\BOOKMARK [2][-]{subsection.Alph0.1.2}{Surface Divergence Theorem}{section.Alph0.1}% 27
\BOOKMARK [2][-]{subsection.Alph0.1.3}{Surface Transport Theorem}{section.Alph0.1}% 28
\BOOKMARK [2][-]{subsection.Alph0.1.4}{Solid angles and line integration}{section.Alph0.1}% 29
\BOOKMARK [1][-]{section.Alph0.2}{OLD NOTES: Elastic Energy of a Dislocation Loop}{chapter.1}% 30
\BOOKMARK [2][-]{subsection.Alph0.2.1}{Volume to Surface}{section.Alph0.2}% 31
\BOOKMARK [0][-]{appendix.A}{Appendices}{}% 32
\BOOKMARK [1][-]{section.A.1}{Convolution integrals}{appendix.A}% 33
\BOOKMARK [1][-]{section.A.2}{The nabla operator}{appendix.A}% 34
\BOOKMARK [1][-]{section.A.3}{The Green's tensor and the F-tensor in classical anisotropic elasticity}{appendix.A}% 35
\BOOKMARK [1][-]{section.A.4}{Analytical expression of the matrix Mki for straight segments}{appendix.A}% 36
